This is pdfTeX, Version 3.14159265-2.6-1.40.21 (MiKTeX 20.6.29) (preloaded format=pdflatex 2020.10.4)  17 NOV 2020 13:45
entering extended mode
**"e:/Luis/OneDrive/Documentos/ESCOM/Septimo semestre/ADOO/Proyecto/Sistema_CEDAE/Entregables/entregable_5/entregable5.tex"
("e:/Luis/OneDrive/Documentos/ESCOM/Septimo semestre/ADOO/Proyecto/Sistema_CEDAE/Entregables/entregable_5/entregable5.tex"
LaTeX2e <2020-02-02> patch level 5
L3 programming layer <2020-06-18> ("E:\Program Files\MiKTeX\tex/latex/base\article.cls"
Document Class: article 2019/12/20 v1.4l Standard LaTeX document class
("E:\Program Files\MiKTeX\tex/latex/base\size12.clo"
File: size12.clo 2019/12/20 v1.4l Standard LaTeX file (size option)
)
\c@part=\count167
\c@section=\count168
\c@subsection=\count169
\c@subsubsection=\count170
\c@paragraph=\count171
\c@subparagraph=\count172
\c@figure=\count173
\c@table=\count174
\abovecaptionskip=\skip47
\belowcaptionskip=\skip48
\bibindent=\dimen134
) ("E:\Program Files\MiKTeX\tex/latex/base\inputenc.sty"
Package: inputenc 2018/08/11 v1.3c Input encoding file
\inpenc@prehook=\toks15
\inpenc@posthook=\toks16
) ("E:\Program Files\MiKTeX\tex/latex/ragged2e\ragged2e.sty"
Package: ragged2e 2019/07/28 v2.2 ragged2e Package (MS)
 ("E:\Program Files\MiKTeX\tex/latex/ms\everysel.sty"
Package: everysel 2011/10/28 v1.2 EverySelectfont Package (MS)
)
\CenteringLeftskip=\skip49
\RaggedLeftLeftskip=\skip50
\RaggedRightLeftskip=\skip51
\CenteringRightskip=\skip52
\RaggedLeftRightskip=\skip53
\RaggedRightRightskip=\skip54
\CenteringParfillskip=\skip55
\RaggedLeftParfillskip=\skip56
\RaggedRightParfillskip=\skip57
\JustifyingParfillskip=\skip58
\CenteringParindent=\skip59
\RaggedLeftParindent=\skip60
\RaggedRightParindent=\skip61
\JustifyingParindent=\skip62
) ("E:\Program Files\MiKTeX\tex/latex/amsfonts\amsfonts.sty"
Package: amsfonts 2013/01/14 v3.01 Basic AMSFonts support
\@emptytoks=\toks17
\symAMSa=\mathgroup4
\symAMSb=\mathgroup5
LaTeX Font Info:    Redeclaring math symbol \hbar on input line 98.
LaTeX Font Info:    Overwriting math alphabet `\mathfrak' in version `bold'
(Font)                  U/euf/m/n --> U/euf/b/n on input line 106.
) ("E:\Program Files\MiKTeX\tex/latex/amsfonts\amssymb.sty"
Package: amssymb 2013/01/14 v3.01 AMS font symbols
) ("E:\Program Files\MiKTeX\tex/latex/graphics\graphicx.sty"
Package: graphicx 2019/11/30 v1.2a Enhanced LaTeX Graphics (DPC,SPQR)
 ("E:\Program Files\MiKTeX\tex/latex/graphics\keyval.sty"
Package: keyval 2014/10/28 v1.15 key=value parser (DPC)
\KV@toks@=\toks18
) ("E:\Program Files\MiKTeX\tex/latex/graphics\graphics.sty"
Package: graphics 2019/11/30 v1.4a Standard LaTeX Graphics (DPC,SPQR)
 ("E:\Program Files\MiKTeX\tex/latex/graphics\trig.sty"
Package: trig 2016/01/03 v1.10 sin cos tan (DPC)
) ("E:\Program Files\MiKTeX\tex/latex/graphics-cfg\graphics.cfg"
File: graphics.cfg 2016/06/04 v1.11 sample graphics configuration
)
Package graphics Info: Driver file: pdftex.def on input line 105.
 ("E:\Program Files\MiKTeX\tex/latex/graphics-def\pdftex.def"
File: pdftex.def 2018/01/08 v1.0l Graphics/color driver for pdftex
))
\Gin@req@height=\dimen135
\Gin@req@width=\dimen136
) ("E:\Program Files\MiKTeX\tex/latex/tools\multicol.sty"
Package: multicol 2019/12/09 v1.8y multicolumn formatting (FMi)
\c@tracingmulticols=\count175
\mult@box=\box45
\multicol@leftmargin=\dimen137
\c@unbalance=\count176
\c@collectmore=\count177
\doublecol@number=\count178
\multicoltolerance=\count179
\multicolpretolerance=\count180
\full@width=\dimen138
\page@free=\dimen139
\premulticols=\dimen140
\postmulticols=\dimen141
\multicolsep=\skip63
\multicolbaselineskip=\skip64
\partial@page=\box46
\last@line=\box47
\maxbalancingoverflow=\dimen142
\mult@rightbox=\box48
\mult@grightbox=\box49
\mult@gfirstbox=\box50
\mult@firstbox=\box51
\@tempa=\box52
\@tempa=\box53
\@tempa=\box54
\@tempa=\box55
\@tempa=\box56
\@tempa=\box57
\@tempa=\box58
\@tempa=\box59
\@tempa=\box60
\@tempa=\box61
\@tempa=\box62
\@tempa=\box63
\@tempa=\box64
\@tempa=\box65
\@tempa=\box66
\@tempa=\box67
\@tempa=\box68
\@tempa=\box69
\@tempa=\box70
\@tempa=\box71
\@tempa=\box72
\@tempa=\box73
\@tempa=\box74
\@tempa=\box75
\@tempa=\box76
\@tempa=\box77
\@tempa=\box78
\@tempa=\box79
\@tempa=\box80
\@tempa=\box81
\@tempa=\box82
\@tempa=\box83
\@tempa=\box84
\@tempa=\box85
\@tempa=\box86
\@tempa=\box87
\@tempa=\box88
\c@minrows=\count181
\c@columnbadness=\count182
\c@finalcolumnbadness=\count183
\last@try=\dimen143
\multicolovershoot=\dimen144
\multicolundershoot=\dimen145
\mult@nat@firstbox=\box89
\colbreak@box=\box90
\mc@col@check@num=\count184
) ("E:\Program Files\MiKTeX\tex/latex/changepage\changepage.sty"
Package: changepage 2009/10/20 v1.0c check page and change page layout
\c@cp@cntr=\count185
\cp@tempcnt=\count186
) ("E:\Program Files\MiKTeX\tex/latex/float\float.sty"
Package: float 2001/11/08 v1.3d Float enhancements (AL)
\c@float@type=\count187
\float@exts=\toks19
\float@box=\box91
\@float@everytoks=\toks20
\@floatcapt=\box92
) ("E:\Program Files\MiKTeX\tex/latex/cite\cite.sty"
LaTeX Info: Redefining \cite on input line 302.
LaTeX Info: Redefining \nocite on input line 332.
Package: cite 2015/02/27  v 5.5
) ("E:\Program Files\MiKTeX\tex/latex/url\url.sty"
\Urlmuskip=\muskip16
Package: url 2013/09/16  ver 3.4  Verb mode for urls, etc.
) ("E:\Program Files\MiKTeX\tex/latex/geometry\geometry.sty"
Package: geometry 2020/01/02 v5.9 Page Geometry
 ("E:\Program Files\MiKTeX\tex/generic/iftex\ifvtex.sty"
Package: ifvtex 2019/10/25 v1.7 ifvtex legacy package. Use iftex instead.
 ("E:\Program Files\MiKTeX\tex/generic/iftex\iftex.sty"
Package: iftex 2020/03/06 v1.0d TeX engine tests
))
\Gm@cnth=\count188
\Gm@cntv=\count189
\c@Gm@tempcnt=\count190
\Gm@bindingoffset=\dimen146
\Gm@wd@mp=\dimen147
\Gm@odd@mp=\dimen148
\Gm@even@mp=\dimen149
\Gm@layoutwidth=\dimen150
\Gm@layoutheight=\dimen151
\Gm@layouthoffset=\dimen152
\Gm@layoutvoffset=\dimen153
\Gm@dimlist=\toks21
 ("E:\Program Files\MiKTeX\tex/latex/geometry\geometry.cfg")) ("E:\Program Files\MiKTeX\tex/generic/babel\babel.sty"
Package: babel 2020/06/10 3.45 The Babel package
 ("E:\Program Files\MiKTeX\tex/generic/babel\babel.def"
File: babel.def 2020/06/10 3.45 Babel common definitions
\babel@savecnt=\count191
\U@D=\dimen154
\l@babelnohyphens=\language79
 ("E:\Program Files\MiKTeX\tex/generic/babel\txtbabel.def")
\bbl@readstream=\read2
)
\bbl@dirlevel=\count192

*************************************
* Local config file bblopts.cfg used
*
("E:\Program Files\MiKTeX\tex/latex/arabi\bblopts.cfg"
File: bblopts.cfg 2005/09/08 v0.1 add Arabic and Farsi to "declared" options of babel
) ("E:\Program Files\MiKTeX\tex/latex/babel-spanish\spanish.ldf"
Language: spanish.ldf 2016/03/03 v5.0p Spanish support from the babel system
\es@quottoks=\toks22
\es@quotdepth=\count193
Package babel Info: Making " an active character on input line 561.
Package babel Info: Making . an active character on input line 662.
Package babel Info: Making < an active character on input line 707.
Package babel Info: Making > an active character on input line 707.
)) ("E:\Program Files\MiKTeX\tex/latex/l3backend\l3backend-pdfmode.def"
File: l3backend-pdfmode.def 2020-06-29 L3 backend support: PDF mode
\l__kernel_color_stack_int=\count194
\l__pdf_internal_box=\box93
) ("e:/Luis\OneDrive\Documentos\ESCOM\Septimo semestre\ADOO\Proyecto\Sistema_CEDAE\Entregables\entregable_5\entregable5.aux"
LaTeX Info: Redefining \. on input line 8.
LaTeX Info: Redefining \% on input line 8.
)
\openout1 = `entregable5.aux'.

LaTeX Font Info:    Checking defaults for OML/cmm/m/it on input line 22.
LaTeX Font Info:    ... okay on input line 22.
LaTeX Font Info:    Checking defaults for OMS/cmsy/m/n on input line 22.
LaTeX Font Info:    ... okay on input line 22.
LaTeX Font Info:    Checking defaults for OT1/cmr/m/n on input line 22.
LaTeX Font Info:    ... okay on input line 22.
LaTeX Font Info:    Checking defaults for T1/cmr/m/n on input line 22.
LaTeX Font Info:    ... okay on input line 22.
LaTeX Font Info:    Checking defaults for TS1/cmr/m/n on input line 22.
LaTeX Font Info:    ... okay on input line 22.
LaTeX Font Info:    Checking defaults for OMX/cmex/m/n on input line 22.
LaTeX Font Info:    ... okay on input line 22.
LaTeX Font Info:    Checking defaults for U/cmr/m/n on input line 22.
LaTeX Font Info:    ... okay on input line 22.
 ABD: EverySelectfont initializing macros
LaTeX Info: Redefining \selectfont on input line 22.
 ("E:\Program Files\MiKTeX\tex/context/base/mkii\supp-pdf.mkii"
[Loading MPS to PDF converter (version 2006.09.02).]
\scratchcounter=\count195
\scratchdimen=\dimen155
\scratchbox=\box94
\nofMPsegments=\count196
\nofMParguments=\count197
\everyMPshowfont=\toks23
\MPscratchCnt=\count198
\MPscratchDim=\dimen156
\MPnumerator=\count199
\makeMPintoPDFobject=\count266
\everyMPtoPDFconversion=\toks24
) ("E:\Program Files\MiKTeX\tex/latex/epstopdf-pkg\epstopdf-base.sty"
Package: epstopdf-base 2020-01-24 v2.11 Base part for package epstopdf
 ("E:\Program Files\MiKTeX\tex/generic/infwarerr\infwarerr.sty"
Package: infwarerr 2019/12/03 v1.5 Providing info/warning/error messages (HO)
) ("E:\Program Files\MiKTeX\tex/latex/grfext\grfext.sty"
Package: grfext 2019/12/03 v1.3 Manage graphics extensions (HO)
 ("E:\Program Files\MiKTeX\tex/generic/kvdefinekeys\kvdefinekeys.sty"
Package: kvdefinekeys 2019-12-19 v1.6 Define keys (HO)
)) ("E:\Program Files\MiKTeX\tex/latex/kvoptions\kvoptions.sty"
Package: kvoptions 2019/11/29 v3.13 Key value format for package options (HO)
 ("E:\Program Files\MiKTeX\tex/generic/ltxcmds\ltxcmds.sty"
Package: ltxcmds 2020-05-10 v1.25 LaTeX kernel commands for general use (HO)
) ("E:\Program Files\MiKTeX\tex/generic/kvsetkeys\kvsetkeys.sty"
Package: kvsetkeys 2019/12/15 v1.18 Key value parser (HO)
)) ("E:\Program Files\MiKTeX\tex/generic/pdftexcmds\pdftexcmds.sty"
Package: pdftexcmds 2020-06-27 v0.33 Utility functions of pdfTeX for LuaTeX (HO)
Package pdftexcmds Info: \pdf@primitive is available.
Package pdftexcmds Info: \pdf@ifprimitive is available.
Package pdftexcmds Info: \pdfdraftmode found.
)
Package epstopdf-base Info: Redefining graphics rule for `.eps' on input line 485.
Package grfext Info: Graphics extension search list:
(grfext)             [.pdf,.png,.jpg,.mps,.jpeg,.jbig2,.jb2,.PDF,.PNG,.JPG,.JPEG,.JBIG2,.JB2,.eps]
(grfext)             \AppendGraphicsExtensions on input line 504.
)
*geometry* driver: auto-detecting
*geometry* detected driver: pdftex
*geometry* verbose mode - [ preamble ] result:
* driver: pdftex
* paper: letterpaper
* layout: <same size as paper>
* layoutoffset:(h,v)=(0.0pt,0.0pt)
* modes: 
* h-part:(L,W,R)=(71.13188pt, 472.03123pt, 71.13188pt)
* v-part:(T,H,B)=(95.39737pt, 556.47656pt, 143.09605pt)
* \paperwidth=614.295pt
* \paperheight=794.96999pt
* \textwidth=472.03123pt
* \textheight=556.47656pt
* \oddsidemargin=-1.1381pt
* \evensidemargin=-1.1381pt
* \topmargin=-13.87262pt
* \headheight=12.0pt
* \headsep=25.0pt
* \topskip=12.0pt
* \footskip=30.0pt
* \marginparwidth=44.0pt
* \marginparsep=10.0pt
* \columnsep=10.0pt
* \skip\footins=10.8pt plus 4.0pt minus 2.0pt
* \hoffset=0.0pt
* \voffset=0.0pt
* \mag=1000
* \@twocolumnfalse
* \@twosidefalse
* \@mparswitchfalse
* \@reversemarginfalse
* (1in=72.27pt=25.4mm, 1cm=28.453pt)

LaTeX Info: Redefining \. on input line 22.
LaTeX Info: Redefining \% on input line 22.
LaTeX Font Info:    Trying to load font information for U+msa on input line 29.
("E:\Program Files\MiKTeX\tex/latex/amsfonts\umsa.fd"
File: umsa.fd 2013/01/14 v3.01 AMS symbols A
)
LaTeX Font Info:    Trying to load font information for U+msb on input line 29.
 ("E:\Program Files\MiKTeX\tex/latex/amsfonts\umsb.fd"
File: umsb.fd 2013/01/14 v3.01 AMS symbols B
)
<ipn.png, id=1, 131.74219pt x 225.84375pt>
File: ipn.png Graphic file (type png)
<use ipn.png>
Package pdftex.def Info: ipn.png  used on input line 34.
(pdftex.def)             Requested size: 42.679pt x 71.13081pt.
<escom.png, id=3, 481.8pt x 367.3725pt>
File: escom.png Graphic file (type png)
<use escom.png>
Package pdftex.def Info: escom.png  used on input line 35.
(pdftex.def)             Requested size: 71.12737pt x 56.9029pt.

Overfull \hbox (41.6248pt too wide) in paragraph at lines 29--38
[][]
 []


Underfull \hbox (badness 10000) in paragraph at lines 29--38

 []

[1

{C:/Users/Default.DESKTOP-JE1Q995/AppData/Local/MiKTeX/pdftex/config/pdftex.map} <e:/Luis/OneDrive/Documentos/ESCOM/Septimo semestre/ADOO/Proyecto/Sistema_CEDAE/Entregables/entregable_5/ipn.png> <e:/Luis/OneDrive/Documentos/ESCOM/Septimo semestre/ADOO/Proyecto/Sistema_CEDAE/Entregables/entregable_5/escom.png>] ("e:/Luis\OneDrive\Documentos\ESCOM\Septimo semestre\ADOO\Proyecto\Sistema_CEDAE\Entregables\entregable_5\entregable5.toc"
LaTeX Info: Redefining \. on input line 1.
LaTeX Info: Redefining \% on input line 1.
)
\tf@toc=\write3
\openout3 = `entregable5.toc'.

 [2

]
Underfull \hbox (badness 10000) in paragraph at lines 108--111

 []


Underfull \hbox (badness 10000) in paragraph at lines 108--111

 []

[3]
Underfull \hbox (badness 10000) in paragraph at lines 176--194

 []


Underfull \hbox (badness 10000) in paragraph at lines 176--194

 []


Underfull \hbox (badness 10000) in paragraph at lines 176--194

 []


Underfull \hbox (badness 10000) in paragraph at lines 176--194

 []


Underfull \hbox (badness 10000) in paragraph at lines 176--194

 []

[4] [5] [6] [7] [8]
<images/casosUso/gestionUsuarios.png, id=36, 582.67688pt x 434.37282pt>
File: images/casosUso/gestionUsuarios.png Graphic file (type png)
<use images/casosUso/gestionUsuarios.png>
Package pdftex.def Info: images/casosUso/gestionUsuarios.png  used on input line 293.
(pdftex.def)             Requested size: 291.33772pt x 217.18587pt.
 [9 <e:/Luis/OneDrive/Documentos/ESCOM/Septimo semestre/ADOO/Proyecto/Sistema_CEDAE/Entregables/entregable_5/images/casosUso/gestionUsuarios.png>]
<images/casosUso/iniciarSesion.png, id=41, 449.42906pt x 503.63156pt>
File: images/casosUso/iniciarSesion.png Graphic file (type png)
<use images/casosUso/iniciarSesion.png>
Package pdftex.def Info: images/casosUso/iniciarSesion.png  used on input line 301.
(pdftex.def)             Requested size: 134.82974pt x 151.09062pt.
<images/casosUso/especificacionInicio.png, id=42, 448.67625pt x 351.56343pt>
File: images/casosUso/especificacionInicio.png Graphic file (type png)
<use images/casosUso/especificacionInicio.png>
Package pdftex.def Info: images/casosUso/especificacionInicio.png  used on input line 306.
(pdftex.def)             Requested size: 403.8049pt x 316.40414pt.
<images/casosUso/trayectorias.png, id=43, 442.65375pt x 490.83376pt>
File: images/casosUso/trayectorias.png Graphic file (type png)
<use images/casosUso/trayectorias.png>
Package pdftex.def Info: images/casosUso/trayectorias.png  used on input line 310.
(pdftex.def)             Requested size: 398.38467pt x 441.74629pt.
 [10 <e:/Luis/OneDrive/Documentos/ESCOM/Septimo semestre/ADOO/Proyecto/Sistema_CEDAE/Entregables/entregable_5/images/casosUso/iniciarSesion.png> <e:/Luis/OneDrive/Documentos/ESCOM/Septimo semestre/ADOO/Proyecto/Sistema_CEDAE/Entregables/entregable_5/images/casosUso/especificacionInicio.png>] [11 <e:/Luis/OneDrive/Documentos/ESCOM/Septimo semestre/ADOO/Proyecto/Sistema_CEDAE/Entregables/entregable_5/images/casosUso/trayectorias.png>]
<images/casosUso/verPerfil.png, id=52, 453.19313pt x 328.22626pt>
File: images/casosUso/verPerfil.png Graphic file (type png)
<use images/casosUso/verPerfil.png>
Package pdftex.def Info: images/casosUso/verPerfil.png  used on input line 317.
(pdftex.def)             Requested size: 181.27403pt x 131.28816pt.
<images/casosUso/especificacionVerPerfil.png, id=53, 448.67625pt x 487.06969pt>
File: images/casosUso/especificacionVerPerfil.png Graphic file (type png)
<use images/casosUso/especificacionVerPerfil.png>
Package pdftex.def Info: images/casosUso/especificacionVerPerfil.png  used on input line 322.
(pdftex.def)             Requested size: 314.07123pt x 340.94644pt.
<images/casosUso/trayectoriaVerPerfil.png, id=54, 441.90094pt x 219.06844pt>
File: images/casosUso/trayectoriaVerPerfil.png Graphic file (type png)
<use images/casosUso/trayectoriaVerPerfil.png>
Package pdftex.def Info: images/casosUso/trayectoriaVerPerfil.png  used on input line 326.
(pdftex.def)             Requested size: 397.70717pt x 197.15976pt.
 [12 <e:/Luis/OneDrive/Documentos/ESCOM/Septimo semestre/ADOO/Proyecto/Sistema_CEDAE/Entregables/entregable_5/images/casosUso/verPerfil.png> <e:/Luis/OneDrive/Documentos/ESCOM/Septimo semestre/ADOO/Proyecto/Sistema_CEDAE/Entregables/entregable_5/images/casosUso/especificacionVerPerfil.png>] [13 <e:/Luis/OneDrive/Documentos/ESCOM/Septimo semestre/ADOO/Proyecto/Sistema_CEDAE/Entregables/entregable_5/images/casosUso/trayectoriaVerPerfil.png>]
<images/casosUso/cerrarSesion.png, id=65, 683.55376pt x 509.905pt>
File: images/casosUso/cerrarSesion.png Graphic file (type png)
<use images/casosUso/cerrarSesion.png>
Package pdftex.def Info: images/casosUso/cerrarSesion.png  used on input line 333.
(pdftex.def)             Requested size: 205.0677pt x 152.97267pt.
<images/specs/specCerrarSesion.png, id=66, 435.12563pt x 378.66469pt>
File: images/specs/specCerrarSesion.png Graphic file (type png)
<use images/specs/specCerrarSesion.png>
Package pdftex.def Info: images/specs/specCerrarSesion.png  used on input line 338.
(pdftex.def)             Requested size: 369.85852pt x 321.8665pt.
<images/specs/trayCerrarSesion.png, id=67, 433.62pt x 327.47343pt>
File: images/specs/trayCerrarSesion.png Graphic file (type png)
<use images/specs/trayCerrarSesion.png>
Package pdftex.def Info: images/specs/trayCerrarSesion.png  used on input line 342.
(pdftex.def)             Requested size: 390.2544pt x 294.72337pt.
 [14 <e:/Luis/OneDrive/Documentos/ESCOM/Septimo semestre/ADOO/Proyecto/Sistema_CEDAE/Entregables/entregable_5/images/casosUso/cerrarSesion.png> <e:/Luis/OneDrive/Documentos/ESCOM/Septimo semestre/ADOO/Proyecto/Sistema_CEDAE/Entregables/entregable_5/images/specs/specCerrarSesion.png>] [15 <e:/Luis/OneDrive/Documentos/ESCOM/Septimo semestre/ADOO/Proyecto/Sistema_CEDAE/Entregables/entregable_5/images/specs/trayCerrarSesion.png>]
<images/casosUso/cambiarContraseña.png, id=75, 746.79pt x 499.8675pt>
File: images/casosUso/cambiarContraseña.png Graphic file (type png)
<use images/casosUso/cambiarContraseña.png>
Package pdftex.def Info: images/casosUso/cambiarContraseña.png  used on input line 349.
(pdftex.def)             Requested size: 224.03873pt x 149.9614pt.
<images/specs/specCambiarContraseña.png, id=76, 445.665pt x 423.83344pt>
File: images/specs/specCambiarContraseña.png Graphic file (type png)
<use images/specs/specCambiarContraseña.png>
Package pdftex.def Info: images/specs/specCambiarContraseña.png  used on input line 354.
(pdftex.def)             Requested size: 334.24792pt x 317.87428pt.
<images/specs/trayCambiarContraseña.png, id=77, 453.94594pt x 768.62157pt>
File: images/specs/trayCambiarContraseña.png Graphic file (type png)
<use images/specs/trayCambiarContraseña.png>
Package pdftex.def Info: images/specs/trayCambiarContraseña.png  used on input line 358.
(pdftex.def)             Requested size: 340.45862pt x 576.46477pt.
 [16 <e:/Luis/OneDrive/Documentos/ESCOM/Septimo semestre/ADOO/Proyecto/Sistema_CEDAE/Entregables/entregable_5/images/casosUso/cambiarContraseña.png> <e:/Luis/OneDrive/Documentos/ESCOM/Septimo semestre/ADOO/Proyecto/Sistema_CEDAE/Entregables/entregable_5/images/specs/specCambiarContraseña.png>]
Overfull \vbox (19.9882pt too high) has occurred while \output is active []

 [17 <e:/Luis/OneDrive/Documentos/ESCOM/Septimo semestre/ADOO/Proyecto/Sistema_CEDAE/Entregables/entregable_5/images/specs/trayCambiarContraseña.png>]
<images/casosUso/registrarUsuario.png, id=85, 416.30531pt x 242.40562pt>
File: images/casosUso/registrarUsuario.png Graphic file (type png)
<use images/casosUso/registrarUsuario.png>
Package pdftex.def Info: images/casosUso/registrarUsuario.png  used on input line 365.
(pdftex.def)             Requested size: 249.78511pt x 145.44447pt.
<images/specs/specRegistrarUsuario.png, id=86, 435.12563pt x 429.10312pt>
File: images/specs/specRegistrarUsuario.png Graphic file (type png)
<use images/specs/specRegistrarUsuario.png>
Package pdftex.def Info: images/specs/specRegistrarUsuario.png  used on input line 370.
(pdftex.def)             Requested size: 326.34341pt x 321.82654pt.
<images/specs/trayRegistrarUsuario.png, id=87, 432.86719pt x 626.34pt>
File: images/specs/trayRegistrarUsuario.png Graphic file (type png)
<use images/specs/trayRegistrarUsuario.png>
Package pdftex.def Info: images/specs/trayRegistrarUsuario.png  used on input line 374.
(pdftex.def)             Requested size: 367.93884pt x 532.3915pt.
 [18 <e:/Luis/OneDrive/Documentos/ESCOM/Septimo semestre/ADOO/Proyecto/Sistema_CEDAE/Entregables/entregable_5/images/casosUso/registrarUsuario.png> <e:/Luis/OneDrive/Documentos/ESCOM/Septimo semestre/ADOO/Proyecto/Sistema_CEDAE/Entregables/entregable_5/images/specs/specRegistrarUsuario.png>] [19 <e:/Luis/OneDrive/Documentos/ESCOM/Septimo semestre/ADOO/Proyecto/Sistema_CEDAE/Entregables/entregable_5/images/specs/trayRegistrarUsuario.png>]
<images/casosUso/eliminarUsuario.png, id=98, 407.27156pt x 227.34938pt>
File: images/casosUso/eliminarUsuario.png Graphic file (type png)
<use images/casosUso/eliminarUsuario.png>
Package pdftex.def Info: images/casosUso/eliminarUsuario.png  used on input line 381.
(pdftex.def)             Requested size: 203.63527pt x 113.67441pt.
<images/specs/specEliminarUsuario.png, id=99, 436.63126pt x 445.665pt>
File: images/specs/specEliminarUsuario.png Graphic file (type png)
<use images/specs/specEliminarUsuario.png>
Package pdftex.def Info: images/specs/specEliminarUsuario.png  used on input line 386.
(pdftex.def)             Requested size: 349.30548pt x 356.53249pt.
<images/specs/trayEliminarUsuario.png, id=100, 435.12563pt x 599.23875pt>
File: images/specs/trayEliminarUsuario.png Graphic file (type png)
<use images/specs/trayEliminarUsuario.png>
Package pdftex.def Info: images/specs/trayEliminarUsuario.png  used on input line 390.
(pdftex.def)             Requested size: 391.60944pt x 539.30989pt.
 [20 <e:/Luis/OneDrive/Documentos/ESCOM/Septimo semestre/ADOO/Proyecto/Sistema_CEDAE/Entregables/entregable_5/images/casosUso/eliminarUsuario.png> <e:/Luis/OneDrive/Documentos/ESCOM/Septimo semestre/ADOO/Proyecto/Sistema_CEDAE/Entregables/entregable_5/images/specs/specEliminarUsuario.png>] [21 <e:/Luis/OneDrive/Documentos/ESCOM/Septimo semestre/ADOO/Proyecto/Sistema_CEDAE/Entregables/entregable_5/images/specs/trayEliminarUsuario.png>]
<images/casosUso/modificarInformacion.png, id=110, 691.83469pt x 245.41687pt>
File: images/casosUso/modificarInformacion.png Graphic file (type png)
<use images/casosUso/modificarInformacion.png>
Package pdftex.def Info: images/casosUso/modificarInformacion.png  used on input line 397.
(pdftex.def)             Requested size: 345.91649pt x 122.70813pt.
<images/specs/specModificarInformacion.png, id=111, 435.12563pt x 479.54156pt>
File: images/specs/specModificarInformacion.png Graphic file (type png)
<use images/specs/specModificarInformacion.png>
Package pdftex.def Info: images/specs/specModificarInformacion.png  used on input line 402.
(pdftex.def)             Requested size: 326.34341pt x 359.65529pt.
<images/specs/trayModificarInformacion.png, id=112, 453.94594pt x 733.99219pt>
File: images/specs/trayModificarInformacion.png Graphic file (type png)
<use images/specs/trayModificarInformacion.png>
Package pdftex.def Info: images/specs/trayModificarInformacion.png  used on input line 406.
(pdftex.def)             Requested size: 340.45862pt x 550.49278pt.
 [22 <e:/Luis/OneDrive/Documentos/ESCOM/Septimo semestre/ADOO/Proyecto/Sistema_CEDAE/Entregables/entregable_5/images/casosUso/modificarInformacion.png> <e:/Luis/OneDrive/Documentos/ESCOM/Septimo semestre/ADOO/Proyecto/Sistema_CEDAE/Entregables/entregable_5/images/specs/specModificarInformacion.png>] [23 <e:/Luis/OneDrive/Documentos/ESCOM/Septimo semestre/ADOO/Proyecto/Sistema_CEDAE/Entregables/entregable_5/images/specs/trayModificarInformacion.png>]
<images/casosUso/verUsuario.png, id=121, 391.4625pt x 187.45032pt>
File: images/casosUso/verUsuario.png Graphic file (type png)
<use images/casosUso/verUsuario.png>
Package pdftex.def Info: images/casosUso/verUsuario.png  used on input line 413.
(pdftex.def)             Requested size: 234.8793pt x 112.47104pt.
<images/specs/specVerUsuario.png, id=122, 435.87843pt x 435.87843pt>
File: images/specs/specVerUsuario.png Graphic file (type png)
<use images/specs/specVerUsuario.png>
Package pdftex.def Info: images/specs/specVerUsuario.png  used on input line 418.
(pdftex.def)             Requested size: 348.70322pt x 348.70322pt.
<images/specs/trayVerUsuario.png, id=123, 449.42906pt x 186.6975pt>
File: images/specs/trayVerUsuario.png Graphic file (type png)
<use images/specs/trayVerUsuario.png>
Package pdftex.def Info: images/specs/trayVerUsuario.png  used on input line 422.
(pdftex.def)             Requested size: 404.4824pt x 168.02618pt.
 [24 <e:/Luis/OneDrive/Documentos/ESCOM/Septimo semestre/ADOO/Proyecto/Sistema_CEDAE/Entregables/entregable_5/images/casosUso/verUsuario.png> <e:/Luis/OneDrive/Documentos/ESCOM/Septimo semestre/ADOO/Proyecto/Sistema_CEDAE/Entregables/entregable_5/images/specs/specVerUsuario.png>] [25 <e:/Luis/OneDrive/Documentos/ESCOM/Septimo semestre/ADOO/Proyecto/Sistema_CEDAE/Entregables/entregable_5/images/specs/trayVerUsuario.png>]
<images/casosUso/verPaciente.png, id=134, 413.29407pt x 209.28188pt>
File: images/casosUso/verPaciente.png Graphic file (type png)
<use images/casosUso/verPaciente.png>
Package pdftex.def Info: images/casosUso/verPaciente.png  used on input line 429.
(pdftex.def)             Requested size: 206.64651pt x 104.64067pt.
<images/specs/specVerPaciente.png, id=135, 441.90094pt x 470.50781pt>
File: images/specs/specVerPaciente.png Graphic file (type png)
<use images/specs/specVerPaciente.png>
Package pdftex.def Info: images/specs/specVerPaciente.png  used on input line 434.
(pdftex.def)             Requested size: 353.52122pt x 376.40675pt.
<images/specs/trayVerPaciente.png, id=136, 450.9347pt x 331.99031pt>
File: images/specs/trayVerPaciente.png Graphic file (type png)
<use images/specs/trayVerPaciente.png>
Package pdftex.def Info: images/specs/trayVerPaciente.png  used on input line 438.
(pdftex.def)             Requested size: 405.83748pt x 298.7885pt.
 [26 <e:/Luis/OneDrive/Documentos/ESCOM/Septimo semestre/ADOO/Proyecto/Sistema_CEDAE/Entregables/entregable_5/images/casosUso/verPaciente.png> <e:/Luis/OneDrive/Documentos/ESCOM/Septimo semestre/ADOO/Proyecto/Sistema_CEDAE/Entregables/entregable_5/images/specs/specVerPaciente.png>] [27 <e:/Luis/OneDrive/Documentos/ESCOM/Septimo semestre/ADOO/Proyecto/Sistema_CEDAE/Entregables/entregable_5/images/specs/trayVerPaciente.png>]
<images/casosUso/gestionInventario.png, id=146, 383.93437pt x 226.59656pt>
File: images/casosUso/gestionInventario.png Graphic file (type png)
<use images/casosUso/gestionInventario.png>
Package pdftex.def Info: images/casosUso/gestionInventario.png  used on input line 445.
(pdftex.def)             Requested size: 307.1479pt x 181.27748pt.
 [28 <e:/Luis/OneDrive/Documentos/ESCOM/Septimo semestre/ADOO/Proyecto/Sistema_CEDAE/Entregables/entregable_5/images/casosUso/gestionInventario.png>]
<images/casosUso/buscarMedicamentos.png, id=151, 453.19313pt x 216.81pt>
File: images/casosUso/buscarMedicamentos.png Graphic file (type png)
<use images/casosUso/buscarMedicamentos.png>
Package pdftex.def Info: images/casosUso/buscarMedicamentos.png  used on input line 453.
(pdftex.def)             Requested size: 226.59601pt x 108.40472pt.
<images/specs/specBuscarMedicamento.png, id=152, 448.67625pt x 457.71pt>
File: images/specs/specBuscarMedicamento.png Graphic file (type png)
<use images/specs/specBuscarMedicamento.png>
Package pdftex.def Info: images/specs/specBuscarMedicamento.png  used on input line 458.
(pdftex.def)             Requested size: 358.94148pt x 366.1685pt.
<images/specs/trayBuscarMedicamento.png, id=153, 453.94594pt x 244.66406pt>
File: images/specs/trayBuscarMedicamento.png Graphic file (type png)
<use images/specs/trayBuscarMedicamento.png>
Package pdftex.def Info: images/specs/trayBuscarMedicamento.png  used on input line 462.
(pdftex.def)             Requested size: 408.54756pt x 220.1956pt.
 [29 <e:/Luis/OneDrive/Documentos/ESCOM/Septimo semestre/ADOO/Proyecto/Sistema_CEDAE/Entregables/entregable_5/images/casosUso/buscarMedicamentos.png> <e:/Luis/OneDrive/Documentos/ESCOM/Septimo semestre/ADOO/Proyecto/Sistema_CEDAE/Entregables/entregable_5/images/specs/specBuscarMedicamento.png>] [30 <e:/Luis/OneDrive/Documentos/ESCOM/Septimo semestre/ADOO/Proyecto/Sistema_CEDAE/Entregables/entregable_5/images/specs/trayBuscarMedicamento.png>]
<images/casosUso/agregarMedicamento.png, id=162, 676.77844pt x 301.8778pt>
File: images/casosUso/agregarMedicamento.png Graphic file (type png)
<use images/casosUso/agregarMedicamento.png>
Package pdftex.def Info: images/casosUso/agregarMedicamento.png  used on input line 469.
(pdftex.def)             Requested size: 338.3884pt x 150.93852pt.
<images/specs/specAgregarMedicamento.png, id=163, 450.9347pt x 379.4175pt>
File: images/specs/specAgregarMedicamento.png Graphic file (type png)
<use images/specs/specAgregarMedicamento.png>
Package pdftex.def Info: images/specs/specAgregarMedicamento.png  used on input line 474.
(pdftex.def)             Requested size: 338.2002pt x 284.56242pt.
<images/specs/trayAgregarMedicamento.png, id=164, 453.94594pt x 323.70938pt>
File: images/specs/trayAgregarMedicamento.png Graphic file (type png)
<use images/specs/trayAgregarMedicamento.png>
Package pdftex.def Info: images/specs/trayAgregarMedicamento.png  used on input line 478.
(pdftex.def)             Requested size: 408.54756pt x 291.33574pt.
 [31 <e:/Luis/OneDrive/Documentos/ESCOM/Septimo semestre/ADOO/Proyecto/Sistema_CEDAE/Entregables/entregable_5/images/casosUso/agregarMedicamento.png> <e:/Luis/OneDrive/Documentos/ESCOM/Septimo semestre/ADOO/Proyecto/Sistema_CEDAE/Entregables/entregable_5/images/specs/specAgregarMedicamento.png>] [32 <e:/Luis/OneDrive/Documentos/ESCOM/Septimo semestre/ADOO/Proyecto/Sistema_CEDAE/Entregables/entregable_5/images/specs/trayAgregarMedicamento.png>]
<images/casosUso/eliminarMedicamento.png, id=174, 606.01407pt x 205.5178pt>
File: images/casosUso/eliminarMedicamento.png Graphic file (type png)
<use images/casosUso/eliminarMedicamento.png>
Package pdftex.def Info: images/casosUso/eliminarMedicamento.png  used on input line 485.
(pdftex.def)             Requested size: 272.70381pt x 92.48215pt.
<images/specs/specEliminarMedicamento.png, id=175, 453.94594pt x 554.07pt>
File: images/specs/specEliminarMedicamento.png Graphic file (type png)
<use images/specs/specEliminarMedicamento.png>
Package pdftex.def Info: images/specs/specEliminarMedicamento.png  used on input line 490.
(pdftex.def)             Requested size: 317.75998pt x 387.84636pt.
<images/specs/trayEliminarMedicamento.png, id=176, 453.94594pt x 642.14906pt>
File: images/specs/trayEliminarMedicamento.png Graphic file (type png)
<use images/specs/trayEliminarMedicamento.png>
Package pdftex.def Info: images/specs/trayEliminarMedicamento.png  used on input line 494.
(pdftex.def)             Requested size: 408.54756pt x 577.92882pt.
 [33 <e:/Luis/OneDrive/Documentos/ESCOM/Septimo semestre/ADOO/Proyecto/Sistema_CEDAE/Entregables/entregable_5/images/casosUso/eliminarMedicamento.png> <e:/Luis/OneDrive/Documentos/ESCOM/Septimo semestre/ADOO/Proyecto/Sistema_CEDAE/Entregables/entregable_5/images/specs/specEliminarMedicamento.png>]
Overfull \vbox (21.45226pt too high) has occurred while \output is active []

 [34 <e:/Luis/OneDrive/Documentos/ESCOM/Septimo semestre/ADOO/Proyecto/Sistema_CEDAE/Entregables/entregable_5/images/specs/trayEliminarMedicamento.png>]
<images/casosUso/verInventario.png, id=184, 554.07pt x 373.395pt>
File: images/casosUso/verInventario.png Graphic file (type png)
<use images/casosUso/verInventario.png>
Package pdftex.def Info: images/casosUso/verInventario.png  used on input line 501.
(pdftex.def)             Requested size: 277.03432pt x 186.69704pt.
<images/specs/specVerInventario.png, id=185, 450.9347pt x 259.7203pt>
File: images/specs/specVerInventario.png Graphic file (type png)
<use images/specs/specVerInventario.png>
Package pdftex.def Info: images/specs/specVerInventario.png  used on input line 506.
(pdftex.def)             Requested size: 360.74825pt x 207.77652pt.
<images/specs/trayVerInventario.png, id=186, 441.14813pt x 347.79938pt>
File: images/specs/trayVerInventario.png Graphic file (type png)
<use images/specs/trayVerInventario.png>
Package pdftex.def Info: images/specs/trayVerInventario.png  used on input line 510.
(pdftex.def)             Requested size: 397.02965pt x 313.01654pt.
 [35 <e:/Luis/OneDrive/Documentos/ESCOM/Septimo semestre/ADOO/Proyecto/Sistema_CEDAE/Entregables/entregable_5/images/casosUso/verInventario.png> <e:/Luis/OneDrive/Documentos/ESCOM/Septimo semestre/ADOO/Proyecto/Sistema_CEDAE/Entregables/entregable_5/images/specs/specVerInventario.png>] [36 <e:/Luis/OneDrive/Documentos/ESCOM/Septimo semestre/ADOO/Proyecto/Sistema_CEDAE/Entregables/entregable_5/images/specs/trayVerInventario.png>]
<images/casosUso/notificarStock.png, id=196, 532.99126pt x 241.90375pt>
File: images/casosUso/notificarStock.png Graphic file (type png)
<use images/casosUso/notificarStock.png>
Package pdftex.def Info: images/casosUso/notificarStock.png  used on input line 517.
(pdftex.def)             Requested size: 266.49498pt x 120.95157pt.
<images/specs/specNotificarStock.png, id=197, 449.42906pt x 341.02406pt>
File: images/specs/specNotificarStock.png Graphic file (type png)
<use images/specs/specNotificarStock.png>
Package pdftex.def Info: images/specs/specNotificarStock.png  used on input line 522.
(pdftex.def)             Requested size: 359.54372pt x 272.81961pt.
<images/specs/trayNotificarStock.png, id=198, 447.92343pt x 214.55156pt>
File: images/specs/trayNotificarStock.png Graphic file (type png)
<use images/specs/trayNotificarStock.png>
Package pdftex.def Info: images/specs/trayNotificarStock.png  used on input line 526.
(pdftex.def)             Requested size: 403.12737pt x 193.0946pt.
 [37 <e:/Luis/OneDrive/Documentos/ESCOM/Septimo semestre/ADOO/Proyecto/Sistema_CEDAE/Entregables/entregable_5/images/casosUso/notificarStock.png> <e:/Luis/OneDrive/Documentos/ESCOM/Septimo semestre/ADOO/Proyecto/Sistema_CEDAE/Entregables/entregable_5/images/specs/specNotificarStock.png>] [38 <e:/Luis/OneDrive/Documentos/ESCOM/Septimo semestre/ADOO/Proyecto/Sistema_CEDAE/Entregables/entregable_5/images/specs/trayNotificarStock.png>]
<images/casosUso/gestionExpediente.png, id=209, 700.11563pt x 298.11375pt>
File: images/casosUso/gestionExpediente.png Graphic file (type png)
<use images/casosUso/gestionExpediente.png>
Package pdftex.def Info: images/casosUso/gestionExpediente.png  used on input line 533.
(pdftex.def)             Requested size: 350.05696pt x 149.0565pt.
 [39 <e:/Luis/OneDrive/Documentos/ESCOM/Septimo semestre/ADOO/Proyecto/Sistema_CEDAE/Entregables/entregable_5/images/casosUso/gestionExpediente.png>]
<images/specs/specCrearExpediente.png, id=214, 450.9347pt x 497.60907pt>
File: images/specs/specCrearExpediente.png Graphic file (type png)
<use images/specs/specCrearExpediente.png>
Package pdftex.def Info: images/specs/specCrearExpediente.png  used on input line 542.
(pdftex.def)             Requested size: 360.74825pt x 398.08778pt.
<images/specs/trayCrearExpediente.png, id=215, 454.69875pt x 415.5525pt>
File: images/specs/trayCrearExpediente.png Graphic file (type png)
<use images/specs/trayCrearExpediente.png>
Package pdftex.def Info: images/specs/trayCrearExpediente.png  used on input line 546.
(pdftex.def)             Requested size: 409.22508pt x 373.99379pt.
 [40 <e:/Luis/OneDrive/Documentos/ESCOM/Septimo semestre/ADOO/Proyecto/Sistema_CEDAE/Entregables/entregable_5/images/specs/specCrearExpediente.png>] [41 <e:/Luis/OneDrive/Documentos/ESCOM/Septimo semestre/ADOO/Proyecto/Sistema_CEDAE/Entregables/entregable_5/images/specs/trayCrearExpediente.png>]
<images/specs/specBuscarExpediente.png, id=223, 449.42906pt x 246.1697pt>
File: images/specs/specBuscarExpediente.png Graphic file (type png)
<use images/specs/specBuscarExpediente.png>
Package pdftex.def Info: images/specs/specBuscarExpediente.png  used on input line 553.
(pdftex.def)             Requested size: 359.54372pt x 196.936pt.
<images/specs/trayBuscarExpediente.png, id=224, 450.9347pt x 207.02344pt>
File: images/specs/trayBuscarExpediente.png Graphic file (type png)
<use images/specs/trayBuscarExpediente.png>
Package pdftex.def Info: images/specs/trayBuscarExpediente.png  used on input line 557.
(pdftex.def)             Requested size: 405.83748pt x 186.31935pt.
 [42 <e:/Luis/OneDrive/Documentos/ESCOM/Septimo semestre/ADOO/Proyecto/Sistema_CEDAE/Entregables/entregable_5/images/specs/specBuscarExpediente.png> <e:/Luis/OneDrive/Documentos/ESCOM/Septimo semestre/ADOO/Proyecto/Sistema_CEDAE/Entregables/entregable_5/images/specs/trayBuscarExpediente.png>]
<images/specs/specModificarExpediente.png, id=230, 450.9347pt x 434.37282pt>
File: images/specs/specModificarExpediente.png Graphic file (type png)
<use images/specs/specModificarExpediente.png>
Package pdftex.def Info: images/specs/specModificarExpediente.png  used on input line 564.
(pdftex.def)             Requested size: 360.74825pt x 347.49872pt.
<images/specs/trayModificarExpediente.png, id=231, 465.23813pt x 424.58624pt>
File: images/specs/trayModificarExpediente.png Graphic file (type png)
<use images/specs/trayModificarExpediente.png>
Package pdftex.def Info: images/specs/trayModificarExpediente.png  used on input line 568.
(pdftex.def)             Requested size: 418.71043pt x 382.12408pt.
 [43 <e:/Luis/OneDrive/Documentos/ESCOM/Septimo semestre/ADOO/Proyecto/Sistema_CEDAE/Entregables/entregable_5/images/specs/specModificarExpediente.png>] [44 <e:/Luis/OneDrive/Documentos/ESCOM/Septimo semestre/ADOO/Proyecto/Sistema_CEDAE/Entregables/entregable_5/images/specs/trayModificarExpediente.png>]
<images/specs/specVerExpediente.png, id=240, 450.18187pt x 232.61906pt>
File: images/specs/specVerExpediente.png Graphic file (type png)
<use images/specs/specVerExpediente.png>
Package pdftex.def Info: images/specs/specVerExpediente.png  used on input line 575.
(pdftex.def)             Requested size: 360.14598pt x 186.09549pt.
<images/specs/trayVerExpediente.png, id=241, 444.15938pt x 218.31563pt>
File: images/specs/trayVerExpediente.png Graphic file (type png)
<use images/specs/trayVerExpediente.png>
Package pdftex.def Info: images/specs/trayVerExpediente.png  used on input line 579.
(pdftex.def)             Requested size: 399.73973pt x 196.48222pt.
 [45 <e:/Luis/OneDrive/Documentos/ESCOM/Septimo semestre/ADOO/Proyecto/Sistema_CEDAE/Entregables/entregable_5/images/specs/specVerExpediente.png> <e:/Luis/OneDrive/Documentos/ESCOM/Septimo semestre/ADOO/Proyecto/Sistema_CEDAE/Entregables/entregable_5/images/specs/trayVerExpediente.png>]
<images/specs/specEliminarExpediente.png, id=247, 450.9347pt x 274.02374pt>
File: images/specs/specEliminarExpediente.png Graphic file (type png)
<use images/specs/specEliminarExpediente.png>
Package pdftex.def Info: images/specs/specEliminarExpediente.png  used on input line 586.
(pdftex.def)             Requested size: 360.74825pt x 219.21928pt.
<images/specs/trayEliminarExpediente.png, id=248, 450.9347pt x 342.5297pt>
File: images/specs/trayEliminarExpediente.png Graphic file (type png)
<use images/specs/trayEliminarExpediente.png>
Package pdftex.def Info: images/specs/trayEliminarExpediente.png  used on input line 590.
(pdftex.def)             Requested size: 338.2002pt x 256.89664pt.
 [46 <e:/Luis/OneDrive/Documentos/ESCOM/Septimo semestre/ADOO/Proyecto/Sistema_CEDAE/Entregables/entregable_5/images/specs/specEliminarExpediente.png> <e:/Luis/OneDrive/Documentos/ESCOM/Septimo semestre/ADOO/Proyecto/Sistema_CEDAE/Entregables/entregable_5/images/specs/trayEliminarExpediente.png>]
<images/specs/specAgregarReceta.png, id=254, 450.18187pt x 260.47313pt>
File: images/specs/specAgregarReceta.png Graphic file (type png)
<use images/specs/specAgregarReceta.png>
Package pdftex.def Info: images/specs/specAgregarReceta.png  used on input line 597.
(pdftex.def)             Requested size: 360.14598pt x 208.37878pt.
<images/specs/trayAgregarReceta.png, id=255, 438.8897pt x 389.95688pt>
File: images/specs/trayAgregarReceta.png Graphic file (type png)
<use images/specs/trayAgregarReceta.png>
Package pdftex.def Info: images/specs/trayAgregarReceta.png  used on input line 601.
(pdftex.def)             Requested size: 307.22069pt x 272.96794pt.
 [47 <e:/Luis/OneDrive/Documentos/ESCOM/Septimo semestre/ADOO/Proyecto/Sistema_CEDAE/Entregables/entregable_5/images/specs/specAgregarReceta.png> <e:/Luis/OneDrive/Documentos/ESCOM/Septimo semestre/ADOO/Proyecto/Sistema_CEDAE/Entregables/entregable_5/images/specs/trayAgregarReceta.png>]
<images/interfaces/gen_index.png, id=261, 1927.2pt x 1084.05pt>
File: images/interfaces/gen_index.png Graphic file (type png)
<use images/interfaces/gen_index.png>
Package pdftex.def Info: images/interfaces/gen_index.png  used on input line 611.
(pdftex.def)             Requested size: 289.06754pt x 162.60048pt.
<images/interfaces/gen_login.png, id=262, 1927.2pt x 1084.05pt>
File: images/interfaces/gen_login.png Graphic file (type png)
<use images/interfaces/gen_login.png>
Package pdftex.def Info: images/interfaces/gen_login.png  used on input line 617.
(pdftex.def)             Requested size: 385.43318pt x 216.80615pt.
<images/interfaces/gen_recovery.png, id=263, 1927.2pt x 1084.05pt>
File: images/interfaces/gen_recovery.png Graphic file (type png)
<use images/interfaces/gen_recovery.png>
Package pdftex.def Info: images/interfaces/gen_recovery.png  used on input line 623.
(pdftex.def)             Requested size: 308.3583pt x 173.45154pt.
 [48 <e:/Luis/OneDrive/Documentos/ESCOM/Septimo semestre/ADOO/Proyecto/Sistema_CEDAE/Entregables/entregable_5/images/interfaces/gen_index.png> <e:/Luis/OneDrive/Documentos/ESCOM/Septimo semestre/ADOO/Proyecto/Sistema_CEDAE/Entregables/entregable_5/images/interfaces/gen_login.png>]
<images/interfaces/adm_perfil.png, id=269, 1927.2pt x 1084.05pt>
File: images/interfaces/adm_perfil.png Graphic file (type png)
<use images/interfaces/adm_perfil.png>
Package pdftex.def Info: images/interfaces/adm_perfil.png  used on input line 631.
(pdftex.def)             Requested size: 385.43318pt x 216.80615pt.
<images/interfaces/adm_reg_usuario.png, id=270, 1927.2pt x 1084.05pt>
File: images/interfaces/adm_reg_usuario.png Graphic file (type png)
<use images/interfaces/adm_reg_usuario.png>
Package pdftex.def Info: images/interfaces/adm_reg_usuario.png  used on input line 637.
(pdftex.def)             Requested size: 385.43318pt x 216.80615pt.
 [49 <e:/Luis/OneDrive/Documentos/ESCOM/Septimo semestre/ADOO/Proyecto/Sistema_CEDAE/Entregables/entregable_5/images/interfaces/gen_recovery.png> <e:/Luis/OneDrive/Documentos/ESCOM/Septimo semestre/ADOO/Proyecto/Sistema_CEDAE/Entregables/entregable_5/images/interfaces/adm_perfil.png>]
<images/interfaces/adm_baja_usuario.png, id=277, 1927.2pt x 1084.05pt>
File: images/interfaces/adm_baja_usuario.png Graphic file (type png)
<use images/interfaces/adm_baja_usuario.png>
Package pdftex.def Info: images/interfaces/adm_baja_usuario.png  used on input line 643.
(pdftex.def)             Requested size: 385.43318pt x 216.80615pt.
<images/interfaces/adm_mod_info.png, id=278, 1927.2pt x 1084.05pt>
File: images/interfaces/adm_mod_info.png Graphic file (type png)
<use images/interfaces/adm_mod_info.png>
Package pdftex.def Info: images/interfaces/adm_mod_info.png  used on input line 649.
(pdftex.def)             Requested size: 385.43318pt x 216.80615pt.
 [50 <e:/Luis/OneDrive/Documentos/ESCOM/Septimo semestre/ADOO/Proyecto/Sistema_CEDAE/Entregables/entregable_5/images/interfaces/adm_reg_usuario.png> <e:/Luis/OneDrive/Documentos/ESCOM/Septimo semestre/ADOO/Proyecto/Sistema_CEDAE/Entregables/entregable_5/images/interfaces/adm_baja_usuario.png>]
<images/interfaces/adm_ver_usuario.png, id=284, 1927.2pt x 1084.05pt>
File: images/interfaces/adm_ver_usuario.png Graphic file (type png)
<use images/interfaces/adm_ver_usuario.png>
Package pdftex.def Info: images/interfaces/adm_ver_usuario.png  used on input line 655.
(pdftex.def)             Requested size: 385.43318pt x 216.80615pt.
<images/interfaces/far_perfil.png, id=285, 1927.2pt x 1084.05pt>
File: images/interfaces/far_perfil.png Graphic file (type png)
<use images/interfaces/far_perfil.png>
Package pdftex.def Info: images/interfaces/far_perfil.png  used on input line 663.
(pdftex.def)             Requested size: 366.17181pt x 205.97163pt.
 [51 <e:/Luis/OneDrive/Documentos/ESCOM/Septimo semestre/ADOO/Proyecto/Sistema_CEDAE/Entregables/entregable_5/images/interfaces/adm_mod_info.png> <e:/Luis/OneDrive/Documentos/ESCOM/Septimo semestre/ADOO/Proyecto/Sistema_CEDAE/Entregables/entregable_5/images/interfaces/adm_ver_usuario.png>]
<images/interfaces/far_inv_medicamento.png, id=291, 1927.2pt x 1084.05pt>
File: images/interfaces/far_inv_medicamento.png Graphic file (type png)
<use images/interfaces/far_inv_medicamento.png>
Package pdftex.def Info: images/interfaces/far_inv_medicamento.png  used on input line 669.
(pdftex.def)             Requested size: 346.88104pt x 195.12057pt.
<images/interfaces/far_bus_medicamento.png, id=292, 1927.2pt x 1084.05pt>
File: images/interfaces/far_bus_medicamento.png Graphic file (type png)
<use images/interfaces/far_bus_medicamento.png>
Package pdftex.def Info: images/interfaces/far_bus_medicamento.png  used on input line 675.
(pdftex.def)             Requested size: 385.43318pt x 216.80615pt.
 [52 <e:/Luis/OneDrive/Documentos/ESCOM/Septimo semestre/ADOO/Proyecto/Sistema_CEDAE/Entregables/entregable_5/images/interfaces/far_perfil.png> <e:/Luis/OneDrive/Documentos/ESCOM/Septimo semestre/ADOO/Proyecto/Sistema_CEDAE/Entregables/entregable_5/images/interfaces/far_inv_medicamento.png>]
<images/interfaces/far_add_medicamento.png, id=298, 1927.2pt x 1084.05pt>
File: images/interfaces/far_add_medicamento.png Graphic file (type png)
<use images/interfaces/far_add_medicamento.png>
Package pdftex.def Info: images/interfaces/far_add_medicamento.png  used on input line 681.
(pdftex.def)             Requested size: 385.43318pt x 216.80615pt.
<images/interfaces/far_delete_medicamento.png, id=299, 1927.2pt x 1084.05pt>
File: images/interfaces/far_delete_medicamento.png Graphic file (type png)
<use images/interfaces/far_delete_medicamento.png>
Package pdftex.def Info: images/interfaces/far_delete_medicamento.png  used on input line 687.
(pdftex.def)             Requested size: 385.43318pt x 216.80615pt.
 [53 <e:/Luis/OneDrive/Documentos/ESCOM/Septimo semestre/ADOO/Proyecto/Sistema_CEDAE/Entregables/entregable_5/images/interfaces/far_bus_medicamento.png> <e:/Luis/OneDrive/Documentos/ESCOM/Septimo semestre/ADOO/Proyecto/Sistema_CEDAE/Entregables/entregable_5/images/interfaces/far_add_medicamento.png>]
<images/interfaces/med_perfil.png, id=305, 1927.2pt x 1084.05pt>
File: images/interfaces/med_perfil.png Graphic file (type png)
<use images/interfaces/med_perfil.png>
Package pdftex.def Info: images/interfaces/med_perfil.png  used on input line 695.
(pdftex.def)             Requested size: 346.88104pt x 195.12057pt.
<images/interfaces/med_mod_expediente.png, id=306, 1927.2pt x 1084.05pt>
File: images/interfaces/med_mod_expediente.png Graphic file (type png)
<use images/interfaces/med_mod_expediente.png>
Package pdftex.def Info: images/interfaces/med_mod_expediente.png  used on input line 701.
(pdftex.def)             Requested size: 385.43318pt x 216.80615pt.
 [54 <e:/Luis/OneDrive/Documentos/ESCOM/Septimo semestre/ADOO/Proyecto/Sistema_CEDAE/Entregables/entregable_5/images/interfaces/far_delete_medicamento.png> <e:/Luis/OneDrive/Documentos/ESCOM/Septimo semestre/ADOO/Proyecto/Sistema_CEDAE/Entregables/entregable_5/images/interfaces/med_perfil.png>]
<images/interfaces/med_ver_expediente.png, id=312, 1927.2pt x 1084.05pt>
File: images/interfaces/med_ver_expediente.png Graphic file (type png)
<use images/interfaces/med_ver_expediente.png>
Package pdftex.def Info: images/interfaces/med_ver_expediente.png  used on input line 707.
(pdftex.def)             Requested size: 385.43318pt x 216.80615pt.
<images/interfaces/med_ver_citas.png, id=313, 1927.2pt x 1084.05pt>
File: images/interfaces/med_ver_citas.png Graphic file (type png)
<use images/interfaces/med_ver_citas.png>
Package pdftex.def Info: images/interfaces/med_ver_citas.png  used on input line 713.
(pdftex.def)             Requested size: 385.43318pt x 216.80615pt.
 [55 <e:/Luis/OneDrive/Documentos/ESCOM/Septimo semestre/ADOO/Proyecto/Sistema_CEDAE/Entregables/entregable_5/images/interfaces/med_mod_expediente.png> <e:/Luis/OneDrive/Documentos/ESCOM/Septimo semestre/ADOO/Proyecto/Sistema_CEDAE/Entregables/entregable_5/images/interfaces/med_ver_expediente.png>]
<images/interfaces/med_crear_receta.png, id=320, 1927.2pt x 1084.05pt>
File: images/interfaces/med_crear_receta.png Graphic file (type png)
<use images/interfaces/med_crear_receta.png>
Package pdftex.def Info: images/interfaces/med_crear_receta.png  used on input line 719.
(pdftex.def)             Requested size: 385.43318pt x 216.80615pt.
<images/interfaces/pac_perfil.png, id=321, 1927.2pt x 1084.05pt>
File: images/interfaces/pac_perfil.png Graphic file (type png)
<use images/interfaces/pac_perfil.png>
Package pdftex.def Info: images/interfaces/pac_perfil.png  used on input line 727.
(pdftex.def)             Requested size: 366.17181pt x 205.97163pt.
 [56 <e:/Luis/OneDrive/Documentos/ESCOM/Septimo semestre/ADOO/Proyecto/Sistema_CEDAE/Entregables/entregable_5/images/interfaces/med_ver_citas.png> <e:/Luis/OneDrive/Documentos/ESCOM/Septimo semestre/ADOO/Proyecto/Sistema_CEDAE/Entregables/entregable_5/images/interfaces/med_crear_receta.png>]
<images/interfaces/pac_cita_primera.png, id=327, 1927.2pt x 1156.32pt>
File: images/interfaces/pac_cita_primera.png Graphic file (type png)
<use images/interfaces/pac_cita_primera.png>
Package pdftex.def Info: images/interfaces/pac_cita_primera.png  used on input line 733.
(pdftex.def)             Requested size: 346.88104pt x 208.12862pt.
<images/interfaces/pac_cita_no_primera.png, id=328, 1927.2pt x 1156.32pt>
File: images/interfaces/pac_cita_no_primera.png Graphic file (type png)
<use images/interfaces/pac_cita_no_primera.png>
Package pdftex.def Info: images/interfaces/pac_cita_no_primera.png  used on input line 739.
(pdftex.def)             Requested size: 346.88104pt x 208.12862pt.
 [57 <e:/Luis/OneDrive/Documentos/ESCOM/Septimo semestre/ADOO/Proyecto/Sistema_CEDAE/Entregables/entregable_5/images/interfaces/pac_perfil.png> <e:/Luis/OneDrive/Documentos/ESCOM/Septimo semestre/ADOO/Proyecto/Sistema_CEDAE/Entregables/entregable_5/images/interfaces/pac_cita_primera.png>]
<images/interfaces/pac_citas_agendadas.png, id=334, 1927.2pt x 1084.05pt>
File: images/interfaces/pac_citas_agendadas.png Graphic file (type png)
<use images/interfaces/pac_citas_agendadas.png>
Package pdftex.def Info: images/interfaces/pac_citas_agendadas.png  used on input line 745.
(pdftex.def)             Requested size: 385.43318pt x 216.80615pt.
<images/interfaces/rec_perfil.png, id=335, 1927.2pt x 1084.05pt>
File: images/interfaces/rec_perfil.png Graphic file (type png)
<use images/interfaces/rec_perfil.png>
Package pdftex.def Info: images/interfaces/rec_perfil.png  used on input line 753.
(pdftex.def)             Requested size: 366.17181pt x 205.97163pt.
 [58 <e:/Luis/OneDrive/Documentos/ESCOM/Septimo semestre/ADOO/Proyecto/Sistema_CEDAE/Entregables/entregable_5/images/interfaces/pac_cita_no_primera.png> <e:/Luis/OneDrive/Documentos/ESCOM/Septimo semestre/ADOO/Proyecto/Sistema_CEDAE/Entregables/entregable_5/images/interfaces/pac_citas_agendadas.png>]
<images/interfaces/rec_cobro.png, id=341, 1927.2pt x 1084.05pt>
File: images/interfaces/rec_cobro.png Graphic file (type png)
<use images/interfaces/rec_cobro.png>
Package pdftex.def Info: images/interfaces/rec_cobro.png  used on input line 759.
(pdftex.def)             Requested size: 366.17181pt x 205.97163pt.
<images/interfaces/rec_agendar_cita.png, id=342, 1927.2pt x 1084.05pt>
File: images/interfaces/rec_agendar_cita.png Graphic file (type png)
<use images/interfaces/rec_agendar_cita.png>
Package pdftex.def Info: images/interfaces/rec_agendar_cita.png  used on input line 765.
(pdftex.def)             Requested size: 346.88104pt x 195.12057pt.
 [59 <e:/Luis/OneDrive/Documentos/ESCOM/Septimo semestre/ADOO/Proyecto/Sistema_CEDAE/Entregables/entregable_5/images/interfaces/rec_perfil.png> <e:/Luis/OneDrive/Documentos/ESCOM/Septimo semestre/ADOO/Proyecto/Sistema_CEDAE/Entregables/entregable_5/images/interfaces/rec_cobro.png>]
<images/interfaces/rec_modificar_cita.png, id=348, 1927.2pt x 1156.32pt>
File: images/interfaces/rec_modificar_cita.png Graphic file (type png)
<use images/interfaces/rec_modificar_cita.png>
Package pdftex.def Info: images/interfaces/rec_modificar_cita.png  used on input line 771.
(pdftex.def)             Requested size: 346.88104pt x 208.12862pt.
 [60 <e:/Luis/OneDrive/Documentos/ESCOM/Septimo semestre/ADOO/Proyecto/Sistema_CEDAE/Entregables/entregable_5/images/interfaces/rec_agendar_cita.png> <e:/Luis/OneDrive/Documentos/ESCOM/Septimo semestre/ADOO/Proyecto/Sistema_CEDAE/Entregables/entregable_5/images/interfaces/rec_modificar_cita.png>] [61] ("e:/Luis\OneDrive\Documentos\ESCOM\Septimo semestre\ADOO\Proyecto\Sistema_CEDAE\Entregables\entregable_5\entregable5.aux"
LaTeX Info: Redefining \. on input line 8.
LaTeX Info: Redefining \% on input line 8.
) ) 
Here is how much of TeX's memory you used:
 4885 strings out of 480790
 82872 string characters out of 2907001
 321836 words of memory out of 3000000
 20731 multiletter control sequences out of 15000+200000
 539444 words of font info for 50 fonts, out of 3000000 for 9000
 1141 hyphenation exceptions out of 8191
 34i,12n,35p,325b,361s stack positions out of 5000i,500n,10000p,200000b,50000s
 <C:\Users\Default.DESKTOP-JE1Q995\AppData\Local\MiKTeX\fonts/pk/ljfour/jknappen/ec/dpi600\tcrm1200.pk><E:/Program Files/MiKTeX/fonts/type1/public/amsfonts/cm/cmbx12.pfb><E:/Program Files/MiKTeX/fonts/type1/public/amsfonts/cm/cmr12.pfb><E:/Program Files/MiKTeX/fonts/type1/public/amsfonts/cm/cmsy10.pfb>
Output written on "e:/Luis\OneDrive\Documentos\ESCOM\Septimo semestre\ADOO\Proyecto\Sistema_CEDAE\Entregables\entregable_5\entregable5.pdf" (61 pages, 7482152 bytes).
PDF statistics:
 375 PDF objects out of 1000 (max. 8388607)
 0 named destinations out of 1000 (max. 500000)
 426 words of extra memory for PDF output out of 10000 (max. 10000000)

